TN:
SF:/Users/faran/Desktop/bny-mellon/Angular-JumpStart/src/polyfills.ts
FNF:0
FNH:0
LF:0
LH:0
BRF:0
BRH:0
end_of_record
TN:
SF:/Users/faran/Desktop/bny-mellon/Angular-JumpStart/src/test.ts
FN:20,(anonymous_0)
FNF:1
FNH:1
FNDA:1,(anonymous_0)
DA:20,1
DA:23,1
DA:28,1
DA:30,1
DA:32,1
LF:5
LH:5
BRF:0
BRH:0
end_of_record
TN:
SF:/Users/faran/Desktop/bny-mellon/Angular-JumpStart/src/app/core/modal/modal.service.ts
FN:14,(anonymous_0)
FNF:1
FNH:0
FNDA:0,(anonymous_0)
DA:12,1
LF:1
LH:1
BRF:0
BRH:0
end_of_record
TN:
SF:/Users/faran/Desktop/bny-mellon/Angular-JumpStart/src/app/core/services/data.service.ts
FN:18,(anonymous_0)
FN:20,(anonymous_1)
FN:25,(anonymous_2)
FN:38,(anonymous_3)
FN:41,(anonymous_4)
FN:49,(anonymous_5)
FN:52,(anonymous_6)
FN:60,(anonymous_7)
FN:65,(anonymous_8)
FN:68,(anonymous_9)
FN:73,(anonymous_10)
FN:76,(anonymous_11)
FN:81,(anonymous_12)
FN:86,(anonymous_13)
FN:97,(anonymous_14)
FN:109,(anonymous_15)
FNF:16
FNH:0
FNDA:0,(anonymous_0)
FNDA:0,(anonymous_1)
FNDA:0,(anonymous_2)
FNDA:0,(anonymous_3)
FNDA:0,(anonymous_4)
FNDA:0,(anonymous_5)
FNDA:0,(anonymous_6)
FNDA:0,(anonymous_7)
FNDA:0,(anonymous_8)
FNDA:0,(anonymous_9)
FNDA:0,(anonymous_10)
FNDA:0,(anonymous_11)
FNDA:0,(anonymous_12)
FNDA:0,(anonymous_13)
FNDA:0,(anonymous_14)
FNDA:0,(anonymous_15)
DA:11,1
DA:12,0
DA:13,0
DA:14,0
DA:18,0
DA:21,0
DA:26,0
DA:27,0
DA:28,0
DA:29,0
DA:39,0
DA:42,0
DA:43,0
DA:50,0
DA:53,0
DA:54,0
DA:61,0
DA:66,0
DA:68,0
DA:74,0
DA:76,0
DA:82,0
DA:87,0
DA:88,0
DA:89,0
DA:90,0
DA:94,0
DA:98,0
DA:99,0
DA:100,0
DA:101,0
DA:102,0
DA:104,0
DA:110,0
LF:34
LH:1
BRDA:88,0,0,0
BRDA:88,0,1,0
BRDA:94,1,0,0
BRDA:94,1,1,0
BRDA:99,2,0,0
BRDA:99,2,1,0
BRDA:99,3,0,0
BRDA:99,3,1,0
BRF:8
BRH:0
end_of_record
TN:
SF:/Users/faran/Desktop/bny-mellon/Angular-JumpStart/src/app/core/services/logger.service.ts
FN:9,(anonymous_0)
FN:11,(anonymous_1)
FN:21,(anonymous_2)
FNF:3
FNH:0
FNDA:0,(anonymous_0)
FNDA:0,(anonymous_1)
FNDA:0,(anonymous_2)
DA:7,1
DA:12,0
DA:13,0
DA:22,0
DA:23,0
LF:5
LH:1
BRDA:12,0,0,0
BRDA:12,0,1,0
BRDA:22,1,0,0
BRDA:22,1,1,0
BRF:4
BRH:0
end_of_record
TN:
SF:/Users/faran/Desktop/bny-mellon/Angular-JumpStart/src/app/core/services/utilities.service.ts
FN:5,(anonymous_0)
FN:7,(anonymous_1)
FN:12,(anonymous_2)
FNF:3
FNH:0
FNDA:0,(anonymous_0)
FNDA:0,(anonymous_1)
FNDA:0,(anonymous_2)
DA:4,1
DA:5,0
DA:8,0
DA:9,0
DA:13,0
DA:14,0
DA:16,0
DA:18,0
DA:21,0
DA:25,0
DA:26,0
DA:29,0
LF:12
LH:1
BRDA:14,0,0,0
BRDA:14,0,1,0
BRDA:16,1,0,0
BRDA:16,1,1,0
BRDA:25,2,0,0
BRDA:25,2,1,0
BRF:6
BRH:0
end_of_record
TN:
SF:/Users/faran/Desktop/bny-mellon/Angular-JumpStart/src/app/orders/new-order/new-order.component.ts
FN:34,(anonymous_0)
FN:52,(anonymous_1)
FN:57,(anonymous_2)
FN:60,(anonymous_3)
FN:62,(anonymous_4)
FN:67,(anonymous_5)
FN:71,(anonymous_6)
FN:77,(anonymous_7)
FN:81,(anonymous_8)
FN:85,(anonymous_9)
FN:95,(anonymous_10)
FN:99,(anonymous_11)
FN:109,(anonymous_12)
FN:111,(anonymous_13)
FN:117,(anonymous_14)
FN:121,(anonymous_15)
FN:124,(anonymous_16)
FNF:17
FNH:13
FNDA:12,(anonymous_0)
FNDA:4,(anonymous_1)
FNDA:12,(anonymous_2)
FNDA:0,(anonymous_3)
FNDA:0,(anonymous_4)
FNDA:12,(anonymous_5)
FNDA:0,(anonymous_6)
FNDA:4,(anonymous_7)
FNDA:3,(anonymous_8)
FNDA:13,(anonymous_9)
FNDA:1,(anonymous_10)
FNDA:2,(anonymous_11)
FNDA:3,(anonymous_12)
FNDA:2,(anonymous_13)
FNDA:1,(anonymous_14)
FNDA:1,(anonymous_15)
FNDA:0,(anonymous_16)
DA:19,1
DA:22,12
DA:32,12
DA:33,1
DA:35,12
DA:36,12
DA:37,12
DA:38,12
DA:39,12
DA:40,12
DA:41,12
DA:44,12
DA:49,12
DA:52,1
DA:53,4
DA:54,2
DA:58,12
DA:59,12
DA:61,0
DA:62,0
DA:68,12
DA:71,0
DA:74,12
DA:78,4
DA:82,3
DA:86,13
DA:88,8
DA:92,8
DA:96,1
DA:100,2
DA:101,2
DA:102,1
DA:103,1
DA:105,1
DA:106,1
DA:110,3
DA:111,2
DA:112,2
DA:113,2
DA:115,2
DA:116,2
DA:117,2
DA:118,1
DA:119,1
DA:121,1
DA:125,0
DA:126,0
DA:130,0
DA:136,0
LF:49
LH:42
BRDA:53,0,0,2
BRDA:53,0,1,2
BRDA:86,1,0,5
BRDA:86,1,1,8
BRDA:101,2,0,1
BRDA:101,2,1,1
BRDA:101,3,0,2
BRDA:101,3,1,1
BRDA:101,3,2,1
BRDA:110,4,0,1
BRDA:110,4,1,2
BRDA:125,5,0,0
BRDA:125,5,1,0
BRF:13
BRH:11
end_of_record
TN:
SF:/Users/faran/Desktop/bny-mellon/Angular-JumpStart/src/app/shared/mocks.ts
FN:9,(anonymous_0)
FN:11,(anonymous_1)
FN:19,(anonymous_2)
FN:35,(anonymous_3)
FN:39,(anonymous_4)
FN:61,(anonymous_5)
FN:66,getActivatedRouteWithParent
FN:444,(anonymous_7)
FN:445,(anonymous_8)
FN:451,(anonymous_9)
FN:453,(anonymous_10)
FN:458,(anonymous_11)
FN:464,(anonymous_12)
FN:465,(anonymous_13)
FNF:14
FNH:6
FNDA:8,(anonymous_0)
FNDA:0,(anonymous_1)
FNDA:0,(anonymous_2)
FNDA:12,(anonymous_3)
FNDA:1,(anonymous_4)
FNDA:0,(anonymous_5)
FNDA:0,getActivatedRouteWithParent
FNDA:8,(anonymous_7)
FNDA:0,(anonymous_8)
FNDA:8,(anonymous_9)
FNDA:0,(anonymous_10)
FNDA:0,(anonymous_11)
FNDA:8,(anonymous_12)
FNDA:0,(anonymous_13)
DA:12,0
DA:13,0
DA:15,0
DA:20,0
DA:21,0
DA:22,0
DA:23,0
DA:25,0
DA:26,0
DA:29,0
DA:36,12
DA:40,1
DA:62,0
DA:67,0
DA:68,0
DA:69,0
DA:70,0
DA:72,0
DA:76,0
DA:79,1
DA:459,0
LF:21
LH:3
BRDA:12,0,0,0
BRDA:12,0,1,0
BRDA:22,1,0,0
BRDA:22,1,1,0
BRDA:23,2,0,0
BRDA:23,2,1,0
BRDA:25,3,0,0
BRDA:25,3,1,0
BRDA:69,4,0,0
BRDA:69,4,1,0
BRF:10
BRH:0
end_of_record
TN:
SF:/Users/faran/Desktop/bny-mellon/Angular-JumpStart/src/app/shared/services/custom-validators.service.ts
FN:9,(anonymous_0)
FN:12,(anonymous_1)
FNF:2
FNH:2
FNDA:8,(anonymous_0)
FNDA:17,(anonymous_1)
DA:7,1
DA:13,17
DA:15,4
DA:16,0
DA:18,4
LF:5
LH:4
BRDA:13,0,0,13
BRDA:13,0,1,4
BRDA:13,1,0,17
BRDA:13,1,1,17
BRDA:15,2,0,0
BRDA:15,2,1,4
BRF:6
BRH:5
end_of_record
TN:
SF:/Users/faran/Desktop/bny-mellon/Angular-JumpStart/src/environments/environment.ts
FNF:0
FNH:0
DA:6,1
LF:1
LH:1
BRF:0
BRH:0
end_of_record
